<?xml version="1.0" encoding="UTF-8"?>
<testsuite name="br.adriana.nogueira.tema04.Tema04ApplicationTests" tests="1" skipped="0" failures="0" errors="0" timestamp="2023-10-08T15:29:06" hostname="adriana-Inspiron-15-3567" time="0.542">
  <properties/>
  <testcase name="contextLoads()" classname="br.adriana.nogueira.tema04.Tema04ApplicationTests" time="0.542"/>
  <system-out><![CDATA[12:29:03.217 [Test worker] DEBUG org.springframework.test.context.BootstrapUtils - Instantiating CacheAwareContextLoaderDelegate from class [org.springframework.test.context.cache.DefaultCacheAwareContextLoaderDelegate]
12:29:03.233 [Test worker] DEBUG org.springframework.test.context.BootstrapUtils - Instantiating BootstrapContext using constructor [public org.springframework.test.context.support.DefaultBootstrapContext(java.lang.Class,org.springframework.test.context.CacheAwareContextLoaderDelegate)]
12:29:03.286 [Test worker] DEBUG org.springframework.test.context.BootstrapUtils - Instantiating TestContextBootstrapper for test class [br.adriana.nogueira.tema04.Tema04ApplicationTests] from class [org.springframework.boot.test.context.SpringBootTestContextBootstrapper]
12:29:03.302 [Test worker] INFO org.springframework.boot.test.context.SpringBootTestContextBootstrapper - Neither @ContextConfiguration nor @ContextHierarchy found for test class [br.adriana.nogueira.tema04.Tema04ApplicationTests], using SpringBootContextLoader
12:29:03.314 [Test worker] DEBUG org.springframework.test.context.support.AbstractContextLoader - Did not detect default resource location for test class [br.adriana.nogueira.tema04.Tema04ApplicationTests]: class path resource [br/adriana/nogueira/tema04/Tema04ApplicationTests-context.xml] does not exist
12:29:03.315 [Test worker] DEBUG org.springframework.test.context.support.AbstractContextLoader - Did not detect default resource location for test class [br.adriana.nogueira.tema04.Tema04ApplicationTests]: class path resource [br/adriana/nogueira/tema04/Tema04ApplicationTestsContext.groovy] does not exist
12:29:03.316 [Test worker] INFO org.springframework.test.context.support.AbstractContextLoader - Could not detect default resource locations for test class [br.adriana.nogueira.tema04.Tema04ApplicationTests]: no resource found for suffixes {-context.xml, Context.groovy}.
12:29:03.317 [Test worker] INFO org.springframework.test.context.support.AnnotationConfigContextLoaderUtils - Could not detect default configuration classes for test class [br.adriana.nogueira.tema04.Tema04ApplicationTests]: Tema04ApplicationTests does not declare any static, non-private, non-final, nested classes annotated with @Configuration.
12:29:03.376 [Test worker] DEBUG org.springframework.test.context.support.ActiveProfilesUtils - Could not find an 'annotation declaring class' for annotation type [org.springframework.test.context.ActiveProfiles] and class [br.adriana.nogueira.tema04.Tema04ApplicationTests]
12:29:03.482 [Test worker] DEBUG org.springframework.context.annotation.ClassPathScanningCandidateComponentProvider - Identified candidate component class: file [/home/adriana/tema-01-final/build/classes/java/main/br/adriana/nogueira/tema04/Tema04Application.class]
12:29:03.483 [Test worker] INFO org.springframework.boot.test.context.SpringBootTestContextBootstrapper - Found @SpringBootConfiguration br.adriana.nogueira.tema04.Tema04Application for test class br.adriana.nogueira.tema04.Tema04ApplicationTests
12:29:03.611 [Test worker] DEBUG org.springframework.boot.test.context.SpringBootTestContextBootstrapper - @TestExecutionListeners is not present for class [br.adriana.nogueira.tema04.Tema04ApplicationTests]: using defaults.
12:29:03.612 [Test worker] INFO org.springframework.boot.test.context.SpringBootTestContextBootstrapper - Loaded default TestExecutionListener class names from location [META-INF/spring.factories]: [org.springframework.boot.test.autoconfigure.restdocs.RestDocsTestExecutionListener, org.springframework.boot.test.autoconfigure.web.client.MockRestServiceServerResetTestExecutionListener, org.springframework.boot.test.autoconfigure.web.servlet.MockMvcPrintOnlyOnFailureTestExecutionListener, org.springframework.boot.test.autoconfigure.web.servlet.WebDriverTestExecutionListener, org.springframework.boot.test.autoconfigure.webservices.client.MockWebServiceServerTestExecutionListener, org.springframework.boot.test.mock.mockito.MockitoTestExecutionListener, org.springframework.boot.test.mock.mockito.ResetMocksTestExecutionListener, org.springframework.test.context.web.ServletTestExecutionListener, org.springframework.test.context.support.DirtiesContextBeforeModesTestExecutionListener, org.springframework.test.context.event.ApplicationEventsTestExecutionListener, org.springframework.test.context.support.DependencyInjectionTestExecutionListener, org.springframework.test.context.support.DirtiesContextTestExecutionListener, org.springframework.test.context.transaction.TransactionalTestExecutionListener, org.springframework.test.context.jdbc.SqlScriptsTestExecutionListener, org.springframework.test.context.event.EventPublishingTestExecutionListener]
12:29:03.630 [Test worker] DEBUG org.springframework.boot.test.context.SpringBootTestContextBootstrapper - Skipping candidate TestExecutionListener [org.springframework.test.context.transaction.TransactionalTestExecutionListener] due to a missing dependency. Specify custom listener classes or make the default listener classes and their required dependencies available. Offending class: [org/springframework/transaction/interceptor/TransactionAttributeSource]
12:29:03.631 [Test worker] DEBUG org.springframework.boot.test.context.SpringBootTestContextBootstrapper - Skipping candidate TestExecutionListener [org.springframework.test.context.jdbc.SqlScriptsTestExecutionListener] due to a missing dependency. Specify custom listener classes or make the default listener classes and their required dependencies available. Offending class: [org/springframework/transaction/interceptor/TransactionAttribute]
12:29:03.632 [Test worker] INFO org.springframework.boot.test.context.SpringBootTestContextBootstrapper - Using TestExecutionListeners: [org.springframework.test.context.web.ServletTestExecutionListener@618c5d94, org.springframework.test.context.support.DirtiesContextBeforeModesTestExecutionListener@5b40ceb, org.springframework.test.context.event.ApplicationEventsTestExecutionListener@13c3c1e1, org.springframework.boot.test.mock.mockito.MockitoTestExecutionListener@1d8062d2, org.springframework.boot.test.autoconfigure.SpringBootDependencyInjectionTestExecutionListener@1e63ec0b, org.springframework.test.context.support.DirtiesContextTestExecutionListener@3b956878, org.springframework.test.context.event.EventPublishingTestExecutionListener@36546a22, org.springframework.boot.test.autoconfigure.restdocs.RestDocsTestExecutionListener@285c08c8, org.springframework.boot.test.autoconfigure.web.client.MockRestServiceServerResetTestExecutionListener@295eaa7c, org.springframework.boot.test.autoconfigure.web.servlet.MockMvcPrintOnlyOnFailureTestExecutionListener@3918c187, org.springframework.boot.test.autoconfigure.web.servlet.WebDriverTestExecutionListener@2c88b9fc, org.springframework.boot.test.autoconfigure.webservices.client.MockWebServiceServerTestExecutionListener@64dafeed, org.springframework.boot.test.mock.mockito.ResetMocksTestExecutionListener@388ba540]
12:29:03.638 [Test worker] DEBUG org.springframework.test.context.support.AbstractDirtiesContextTestExecutionListener - Before test class: context [DefaultTestContext@f79a760 testClass = Tema04ApplicationTests, testInstance = [null], testMethod = [null], testException = [null], mergedContextConfiguration = [WebMergedContextConfiguration@14f5da2c testClass = Tema04ApplicationTests, locations = '{}', classes = '{class br.adriana.nogueira.tema04.Tema04Application}', contextInitializerClasses = '[]', activeProfiles = '{}', propertySourceLocations = '{}', propertySourceProperties = '{org.springframework.boot.test.context.SpringBootTestContextBootstrapper=true}', contextCustomizers = set[org.springframework.boot.test.autoconfigure.actuate.metrics.MetricsExportContextCustomizerFactory$DisableMetricExportContextCustomizer@7b205dbd, org.springframework.boot.test.autoconfigure.properties.PropertyMappingContextCustomizer@0, org.springframework.boot.test.autoconfigure.web.servlet.WebDriverContextCustomizerFactory$Customizer@3b7d3a38, org.springframework.boot.test.context.filter.ExcludeFilterContextCustomizer@2bb3058, org.springframework.boot.test.json.DuplicateJsonObjectContextCustomizerFactory$DuplicateJsonObjectContextCustomizer@5a2d131d, org.springframework.boot.test.mock.mockito.MockitoContextCustomizer@0, org.springframework.boot.test.web.client.TestRestTemplateContextCustomizer@61544ae6, org.springframework.boot.test.context.SpringBootTestArgs@1, org.springframework.boot.test.context.SpringBootTestWebEnvironment@32910148], resourceBasePath = 'src/main/webapp', contextLoader = 'org.springframework.boot.test.context.SpringBootContextLoader', parent = [null]], attributes = map['org.springframework.test.context.web.ServletTestExecutionListener.activateListener' -> true]], class annotated with @DirtiesContext [false] with mode [null].
12:29:03.683 [Test worker] DEBUG org.springframework.test.context.support.TestPropertySourceUtils - Adding inlined properties to environment: {spring.jmx.enabled=false, org.springframework.boot.test.context.SpringBootTestContextBootstrapper=true}

  .   ____          _            __ _ _
 /\\ / ___'_ __ _ _(_)_ __  __ _ \ \ \ \
( ( )\___ | '_ | '_| | '_ \/ _` | \ \ \ \
 \\/  ___)| |_)| | | | | || (_| |  ) ) ) )
  '  |____| .__|_| |_|_| |_\__, | / / / /
 =========|_|==============|___/=/_/_/_/
 :: Spring Boot ::                (v2.5.5)

2023-10-08 12:29:04.095  INFO 187536 --- [    Test worker] b.a.n.tema04.Tema04ApplicationTests      : Starting Tema04ApplicationTests using Java 17.0.6 on adriana-Inspiron-15-3567 with PID 187536 (started by adriana in /home/adriana/tema-01-final)
2023-10-08 12:29:04.101  INFO 187536 --- [    Test worker] b.a.n.tema04.Tema04ApplicationTests      : No active profile set, falling back to default profiles: default
2023-10-08 12:29:05.524  INFO 187536 --- [    Test worker] org.eclipse.jetty.util.log               : Logging initialized @3936ms to org.eclipse.jetty.util.log.Slf4jLog
2023-10-08 12:29:06.513  INFO 187536 --- [    Test worker] b.a.n.tema04.Tema04ApplicationTests      : Started Tema04ApplicationTests in 2.82 seconds (JVM running for 4.927)
]]></system-out>
  <system-err><![CDATA[]]></system-err>
</testsuite>
