<?xml version="1.0" encoding="UTF-8"?>
<testsuite name="br.adriana.nogueira.tema04.CalculatorServiceTest" tests="7" skipped="0" failures="0" errors="0" timestamp="2023-08-15T17:30:38" hostname="adriana-Inspiron-15-3567" time="0.099">
  <properties/>
  <testcase name="testDivideByZero()" classname="br.adriana.nogueira.tema04.CalculatorServiceTest" time="0.026"/>
  <testcase name="testPow()" classname="br.adriana.nogueira.tema04.CalculatorServiceTest" time="0.003"/>
  <testcase name="testSum()" classname="br.adriana.nogueira.tema04.CalculatorServiceTest" time="0.002"/>
  <testcase name="testSubtract()" classname="br.adriana.nogueira.tema04.CalculatorServiceTest" time="0.004"/>
  <testcase name="contextLoads()" classname="br.adriana.nogueira.tema04.CalculatorServiceTest" time="0.002"/>
  <testcase name="testDivide()" classname="br.adriana.nogueira.tema04.CalculatorServiceTest" time="0.009"/>
  <testcase name="testMultiply()" classname="br.adriana.nogueira.tema04.CalculatorServiceTest" time="0.004"/>
  <system-out><![CDATA[]]></system-out>
  <system-err><![CDATA[]]></system-err>
</testsuite>
